0 info it worked if it ends with ok
1 verbose cli [ '/Users/benhulan/.nvm/versions/v6.2.0/bin/node',
1 verbose cli   '/Users/benhulan/.nvm/versions/v6.2.0/bin/npm',
1 verbose cli   'start' ]
2 info using npm@3.8.9
3 info using node@v6.2.0
4 verbose run-script [ 'prestart', 'start', 'poststart' ]
5 info lifecycle mysterious-frequency@1.0.0~prestart: mysterious-frequency@1.0.0
6 silly lifecycle mysterious-frequency@1.0.0~prestart: no script for prestart, continuing
7 info lifecycle mysterious-frequency@1.0.0~start: mysterious-frequency@1.0.0
8 verbose lifecycle mysterious-frequency@1.0.0~start: unsafe-perm in lifecycle true
9 verbose lifecycle mysterious-frequency@1.0.0~start: PATH: /Users/benhulan/.nvm/versions/v6.2.0/lib/node_modules/npm/bin/node-gyp-bin:/Users/benhulan/Developer/GA/wdi29-dump/google-vision-node/node_modules/.bin:/Users/benhulan/.nvm/versions/v6.2.0/bin:/usr/local/heroku/bin:/Users/benhulan/.nvm/versions/v6.2.0/bin:/Users/benhulan/.rbenv/shims:/bin:/sbin:/usr/bin:usr/local/sbin:/usr/local/bin:/usr/local/bin:/usr/local/git/bin:/usr/bin/vlt/bin:/usr/local/bin:/usr/local/sbin:/usr/local/bin:/usr/bin:/bin:/usr/sbin:/sbin:/usr/local/git/bin:/Applications/adt-bundle-mac-x86_64-20131030/sdk//tools:/Applications/adt-bundle-mac-x86_64-20131030/sdk//platform-tools:/Applications/Postgres.app/Contents/Versions/9.4/bin
10 verbose lifecycle mysterious-frequency@1.0.0~start: CWD: /Users/benhulan/Developer/GA/wdi29-dump/google-vision-node
11 silly lifecycle mysterious-frequency@1.0.0~start: Args: [ '-c', 'node server.js' ]
12 silly lifecycle mysterious-frequency@1.0.0~start: Returned: code: 1  signal: null
13 info lifecycle mysterious-frequency@1.0.0~start: Failed to exec start script
14 verbose stack Error: mysterious-frequency@1.0.0 start: `node server.js`
14 verbose stack Exit status 1
14 verbose stack     at EventEmitter.<anonymous> (/Users/benhulan/.nvm/versions/v6.2.0/lib/node_modules/npm/lib/utils/lifecycle.js:245:16)
14 verbose stack     at emitTwo (events.js:106:13)
14 verbose stack     at EventEmitter.emit (events.js:191:7)
14 verbose stack     at ChildProcess.<anonymous> (/Users/benhulan/.nvm/versions/v6.2.0/lib/node_modules/npm/lib/utils/spawn.js:24:14)
14 verbose stack     at emitTwo (events.js:106:13)
14 verbose stack     at ChildProcess.emit (events.js:191:7)
14 verbose stack     at maybeClose (internal/child_process.js:850:16)
14 verbose stack     at Process.ChildProcess._handle.onexit (internal/child_process.js:215:5)
15 verbose pkgid mysterious-frequency@1.0.0
16 verbose cwd /Users/benhulan/Developer/GA/wdi29-dump/google-vision-node
17 error Darwin 14.5.0
18 error argv "/Users/benhulan/.nvm/versions/v6.2.0/bin/node" "/Users/benhulan/.nvm/versions/v6.2.0/bin/npm" "start"
19 error node v6.2.0
20 error npm  v3.8.9
21 error code ELIFECYCLE
22 error mysterious-frequency@1.0.0 start: `node server.js`
22 error Exit status 1
23 error Failed at the mysterious-frequency@1.0.0 start script 'node server.js'.
23 error Make sure you have the latest version of node.js and npm installed.
23 error If you do, this is most likely a problem with the mysterious-frequency package,
23 error not with npm itself.
23 error Tell the author that this fails on your system:
23 error     node server.js
23 error You can get information on how to open an issue for this project with:
23 error     npm bugs mysterious-frequency
23 error Or if that isn't available, you can get their info via:
23 error     npm owner ls mysterious-frequency
23 error There is likely additional logging output above.
24 verbose exit [ 1, true ]
